<?xml version="1.0" encoding="UTF-8"?>
<coverage generated="1760140896">
  <project timestamp="1760140896" name="Clover Coverage">
    <package name="GryfOSS\Formatter">
      <file name="/home/bartosz/dev/int-precision-helper/src/IntPrecisionHelper.php">
        <class name="GryfOSS\Formatter\IntPrecisionHelper" namespace="GryfOSS\Formatter">
          <metrics complexity="22" methods="11" coveredmethods="11" conditionals="0" coveredconditionals="0" statements="33" coveredstatements="33" elements="44" coveredelements="44"/>
        </class>
        <line num="32" type="method" name="fromString" visibility="public" complexity="4" crap="4" count="26"/>
        <line num="34" type="stmt" count="26"/>
        <line num="35" type="stmt" count="9"/>
        <line num="39" type="stmt" count="17"/>
        <line num="40" type="stmt" count="2"/>
        <line num="43" type="stmt" count="15"/>
        <line num="44" type="stmt" count="1"/>
        <line num="47" type="stmt" count="14"/>
        <line num="58" type="method" name="fromFloat" visibility="public" complexity="2" crap="2" count="11"/>
        <line num="60" type="stmt" count="11"/>
        <line num="61" type="stmt" count="1"/>
        <line num="64" type="stmt" count="10"/>
        <line num="77" type="method" name="normMul" visibility="public" complexity="4" crap="4" count="8"/>
        <line num="80" type="stmt" count="8"/>
        <line num="82" type="stmt" count="8"/>
        <line num="83" type="stmt" count="3"/>
        <line num="87" type="stmt" count="8"/>
        <line num="88" type="stmt" count="8"/>
        <line num="91" type="stmt" count="8"/>
        <line num="92" type="stmt" count="8"/>
        <line num="95" type="stmt" count="8"/>
        <line num="96" type="stmt" count="2"/>
        <line num="99" type="stmt" count="6"/>
        <line num="111" type="method" name="normDiv" visibility="public" complexity="2" crap="2" count="5"/>
        <line num="113" type="stmt" count="5"/>
        <line num="114" type="stmt" count="1"/>
        <line num="117" type="stmt" count="4"/>
        <line num="128" type="method" name="toView" visibility="public" complexity="1" crap="1" count="4"/>
        <line num="130" type="stmt" count="4"/>
        <line num="131" type="stmt" count="4"/>
        <line num="141" type="method" name="toFloat" visibility="public" complexity="1" crap="1" count="1"/>
        <line num="143" type="stmt" count="1"/>
        <line num="155" type="method" name="calculatePercentage" visibility="public" complexity="2" crap="2" count="3"/>
        <line num="157" type="stmt" count="3"/>
        <line num="158" type="stmt" count="1"/>
        <line num="161" type="stmt" count="2"/>
        <line num="171" type="method" name="normAdd" visibility="public" complexity="1" crap="1" count="1"/>
        <line num="173" type="stmt" count="1"/>
        <line num="184" type="method" name="normSub" visibility="public" complexity="1" crap="1" count="2"/>
        <line num="186" type="stmt" count="2"/>
        <line num="196" type="method" name="normCompare" visibility="public" complexity="1" crap="1" count="1"/>
        <line num="198" type="stmt" count="1"/>
        <line num="207" type="method" name="isValid" visibility="public" complexity="3" crap="3" count="11"/>
        <line num="209" type="stmt" count="11"/>
        <metrics loc="212" ncloc="107" classes="1" methods="11" coveredmethods="11" conditionals="0" coveredconditionals="0" statements="33" coveredstatements="33" elements="44" coveredelements="44"/>
      </file>
    </package>
    <metrics files="1" loc="212" ncloc="107" classes="1" methods="11" coveredmethods="11" conditionals="0" coveredconditionals="0" statements="33" coveredstatements="33" elements="44" coveredelements="44"/>
  </project>
</coverage>
